    1  wget www.github.com
    2  ls
    3  ls help
    4  help
    5  help ls
    6  mkdir sampleProject
    7  l
    8  ls
    9  ls -ltr
   10  cd sampleProject/
   11  touch sampleFile.txt
   12  git init
   13  git add
   14  git add .
   15  git status
   16  git config --user.email "zshake21@gmail.com"
   17  git config --global user.email "zshake21@gmail.com"
   18  git config --global user.name "zakisheikh"
   19  cd ~/.ssh && ssh-keygen
   20  mkdir ~/.ssh
   21  cat id_rsa.pub
   22  ls
   23  cd/
   24  cd /
   25  cd ~/.ssh && ssh-keygen
   26  cat id_rsa/pub
   27  cat id_rsa.pub
   28  cat id_rsa.pub.pub
   29  vim id_rsa
   30  ls
   31  rm cat id_rsa.pub.pub
   32  rm id_rsa.pub.pub
   33  ;s
   34  ls
   35  help
   36  ssh-keygen
   37  ls
   38  ssh-keygen
   39  ls
   40  ssh-keygen
   41  ls
   42  cd id_rsa
   43  cat id_rsa
   44  ls 
   45  rm all
   46  rm -r
   47  rm --help
   48  rm -r
   49  rm -r .ssh
   50  rm -r /.sshr
   51  ls
   52  rm -r id_rsa
   53  ls
   54  rm -r id_rsa.pub
   55  rm -r id_rsa.pub.pub
   56  ls
   57  rm -r cat id_rsa.pub
   58  rm -r "cat id_rsa.pub"
   59  rm -r "cat id_rsa.pub.pub"
   60  ls
   61  ssh-keygen[2~[B
   62  ls
   63  cat id_rsa.pub
   64  git remote add orgin git@github.com:<zakisheikh>/<CS131>.git
   65  git remote add orgin git@github.com:zakisheikh/CS131.git
   66  git remote add orgin zshake21@gmail.com:zakisheikh/CS131.git
   67  git remote add orgin git@github.com:zakisheikh/CS131.git
   68  git remote add origin git@github.com:zakisheikh/CS131.git
   69  git remote add origin git@github.com:zakisheikh/CS-131.git
   70  cd
   71  git remote add origin git@github.com:zakisheikh/CS-131.git
   72  ls
   73  cd sampleProject
   74  ls
   75  git status
   76  git remote add origin git@github.com:zakisheikh/CS-131.git
   77  git commit -m "test commit ibm vm"
   78  git status
   79  git push --set-upstream origin main
   80  git push --set-upstream origin master
   81  git status
   82  cat sampleFile.txt 
   83  vim
   84  vim sampleFile.txt 
   85  cat sampleFile.txt 
   86  git commit -m "new text"
   87  git add 
   88  git commit -a
   89  git commit -m "new text"
   90  git add sampleFile.txt
   91  git status
   92  git commit -m "new text"
   93  git push --set-upstream origin master
   94  git push
   95  git commit
   96  git remote
   97  log ogg
   98  exit
   99  cd
  100  help
  101  exit
  102  logout
  103  ls
  104  cd sampleProject
  105  cd
  106  wget https://raw.githubusercontent.com/jyotikahp/DemoRepoForCS131/main/spotify-2023.csv
  107  ls
  108  ls spotify-2023.csv
  109  cat spotify-2023.csv 
  110  :setnumber
  111  :set number
  112  vim
  113  vim help
  114  bim help
  115  vim spotify-2023.csv 
  116  vi spotify-2023.csv 
  117  fvffvvffvfvfvvfvf
  118  vi spotify-2023.csv 
  119  logout
  120  vi spotify-2023.csv 
  121  logout
  122  exit
  123  vi
  124  ls
  125  cd sampleProject/
  126  ls
  127  mv cmds.log Worksheet1
  128  gs
  129  gso
  130  git status
  131  git commit
  132  git push
  133  git status
  134  git add
  135  git add .
  136  get commit
  137  git commit
  138  git commit -m "moving to ws1"
  139  git push
  140  git status
  141  alias
  142  exit
  143  logout
  144  cd
  145  ls
  146  passwd
  147  ls sampleProject
  148  cd sampleProject
  149  ls
  150  mkdir "Worksheet1"
  151  ls
  152  history > cmds.log
  153  git add cmds.log
  154  git commit -m "command historr for ws1"
  155  git status
  156  git push
  157  git status
  158  git help
  159  sh -c "$(wget https://raw.githubusercontent.com/ohmyzsh/ohmyzsh/master/tools/install.sh -O -)"
  160  sh -c "$(curl -fsSL https://raw.githubusercontent.com/ohmyzsh/ohmyzsh/master/tools/install.sh)"
  161  apt install zsh
  162  ls
  163  man date
  164  export DATETIME = 'date'
  165  export DATETIME= 'date'
  166  OUTDIR=out.$DATETIME
  167  echo $OUTDIR
  168  date
  169  man date
  170  echo "pwd"
  171  echo 'pwd'
  172  echo `pwd`
  173  echo "pwd"
  174  echo $?
  175  ls
  176  git status
  177  ls -a
  178  ls -la
  179  ls .gitconfig
  180  echo .gitconfig
  181  cat .gitconfig
  182  cat .viminfo
  183  ls -la
  184  cat .bash_history
  185  ls -la
  186  cat .ssh
  187  ls .ssh
  188  cat .wget-hsts
  189  ls -la
  190  cat .bash_profile
  191  %
  192  cat .
  193  ls .
  194  ls ..
  195  cat aarushisp24
  196  ls ../aarushisp24
  197  ls -al
  198  vi .bashrc
  199  source .bashrc
  200  ls -al
  201  cat .bashrc
  202  lll
  203  ls .
  204  lll
  205  cat .bashrc
  206  ls -latr
  207  lll
  208  ech $USER
  209  echo "Hello, $USER"
  210  ogout
  211  logout
  212  sh -c "$(wget https://raw.githubusercontent.com/ohmyzsh/ohmyzsh/master/tools/install.sh -O -)"
  213  wget https://raw.githubusercontent.com/ohmyzsh/ohmyzsh/master/tools/install.sh -O -
  214  RUNZSH
  215  exec zsh
  216  exec zsh -l
  217  zsh --version
  218  pwd
  219  cat /etc/password
  220  sudo
  221  grep wheel /etc
  222  grep wheel /etc/group
  223  ls -l
  224  usermod
  225  wget https://raw.githubusercontent.com/jyotikahp/DemoRepoForCS131/main/Global%20YouTube%20Statistics.csv
  226  grep "United States"
  227  ls
  228  grep "United States" GlobalYoutubeStatistics.csv
  229  grep "United States" Global Youtube Statistics.csv
  230  grep "United States" Global_Youtube_Statistics.csv
  231  grep "United States" 'Global Youtube Statistics.csv'
  232  grep
  233  grep --help
  234  cat 'Global Youtube Statistics.csv'
  235  ls
  236  cat GlobalYouTubeStatistics.csv
  237  ls
  238  cd 'Global Youtube Statistics.csv'
  239  ls
  240  cat --help
  241  cat GlobalYouTubeStatistics.csv
  242  cat
  243  cat 'Global YouTube Statistics.csv' 
  244  grep "United States" 'Global YouTube Statistics.csv' 
  245  grep "Music" 'Global YouTube Statistics.csv' 
  246  grep "Music" 'Global YouTube Statistics.csv' | wc -l >> counts.txt
  247  grep "Music" 'Global YouTube Statistics.csv' | wc -w >> counts.txt
  248  nano counts.txt
  249  history > cmds.log
  250  cd
  251  ls
  252  cd sampleProject
  253  ls
  254  mkdir Worksheet2
  255  ls
  256  cd Worksheet2
  257  git add cmds.log
  258  git add 'cmds.log'
  259  history > cmds.log
  260  git commit
  261  git add cmds.log
  262  git commit -m "Add WS2"
  263  git push
  264  git status
  265  git add counts.txt
  266  ls
  267  cd
  268  ls
  269  git add counts.txt
  270  cd sampleProject
  271  ls
  272  cd Worksheet2
  273  git add counts.txt
  274  cd
  275  git add counts.txt
  276  ls
  277  cd sampleProject
  278  git add counts.txt
  279  cd
  280  ls
  281  mv counts.txt sampleProject/Worksheet2
  282  git add counts.txt
  283  cd
  284  ls
  285  cd sampleProject
  286  ls
  287  cd Worksheet2
  288  git add counts.txt
  289  git commit -m "adding the counts for lines"
  290  git push
  291  git status
  292  rm cmds.log
  293  history > cmds.log
  294  ls
  295  rm cmds.log
  296  ls
  297  git commit
  298  git push
  299  git status
  300  git add/rm
  301  ait rm
  302  git rm
  303  git rm cmds.log 
  304  git push
  305  git statis
  306  git status
  307  ls
  308  history > cmds.log
  309  git add cmds.log 
  310  git commit
  311  git commit -m "adding history of cmds"
  312  git push
  313  git status
  314  ech $SHELL
  315  echo $SHELL
  316  exit
  317  cd
  318  ls
  319  cd sampleProject/
  320  ls
  321  mkdir Assignment1
  322  ls
  323  cd Assignment1/
  324  ls
  325  echo $SHELL
  326  echo $HOME
  327  echo $UID
  328  echo $UID groups
  329  echo $UID
  330  groups
  331  mkdir myDir
  332  ls
  333  chmod u-w myDIR
  334  chmod u-w myDir
  335  cd
  336  ls
  337  cd Assignment1/
  338  cd sampleProject/Assignment1/
  339  ls
  340  cd myDir
  341  ls
  342  u-w myDir
  343  ls 
  344  cd
  345  cd sampleProject/Assignment1/
  346  ls
  347  chmod u-w myDir
  348  cd myDir
  349  cd ..
  350  ls - ld myDir
  351  ls
  352  cd mDir
  353  cd myDir
  354  ls -ld
  355  cd sampleProject/Assignment1
  356  cd
  357  ls
  358  cd sampleProject/
  359  cd Assignment1/
  360  ls -ld
  361  ls -ld myDir
  362  mkdir myDir2
  363  mkdir myDir3
  364  touch myDir2/myFile.txt
  365  ls
  366  cd myDir2
  367  ls
  368  cd ..
  369  mv myDir2/myFile.txt myDir3/
  370  free -m
  371  cat /etc/os-release 
  372  ls -l /etc/os-release 
  373  touch cmds.log
  374  touch Assignment.txt
  375  history > cmds.log
  376  ls
  377  cat cmds.log 
  378  script cmds2.log
  379  cat cmds2.log
  380  ls
  381  cd ..
  382  ls
  383  rm -r
  384  rm -r Assignment1
  385  ls
  386  mkdir Assignment
  387  rm -r Assignment/
  388  ls
  389  mkdir Assignment1
  390  ls
  391  rm -r Assignment1/
  392  exit
  393  ls
  394  cd sampleProject/
  395  ls
  396  mkdir Assignment1
  397  echo $SHELL
  398  echo $HOME
  399  echo $UID
  400  groups
  401  mkdir myDir
  402  ls
  403  rm -r myDir/
  404  cd Assignment1/
  405  ls
  406  mkdir myDir
  407  ls
  408  chmod u-w myDir
  409  ls -ld
  410  ls -ld myDir/
  411  mkdir myDir2
  412  mkdir myDir3
  413  touch myDir2/myFile.txt
  414  mv myDir2/myFile.txt myDir3/
  415  ls
  416  cd myDir3
  417  ls
  418  cd ..
  419  ls
  420  cd..
  421  cd ..
  422  ls
  423  free -m
  424  cat /etc/os-release 
  425  ls -l /etc/os-release 
  426  exit
  427  ls
  428  cat cmds.log
  429  ls
  430  script Assignment1.txt
  431  ls
  432  mv Assignment1.txt sampleProject/Assignment1/
  433  ls
  434  cd sampleProject
  435  ls
  436  cd Assignment1/
  437  ls
  438  touch cmds.log
  439  history > cmds.log
  440  ls
  441  cat cmds.log 
  442  ls
  443  cat Assignment1.txt 
  444  vim cmds.log
  445  cat cmds.log 
  446  vim Assignment1.txt 
  447  cat Assignment1.txt 
  448  cd ..
  449  ls
  450  git push
  451  git commit -m "Assignment1"
  452  git add Assignment1/
  453  git commit -m "Assignment1"
  454  git push
  455  git status
  456  exit
  457  ech $SHELL
  458  man echo
  459  man sed
  460  man awk
  461  sed help
  462  help
  463  man help
  464  ls
  465  ls =latr
  466  ls -latr
  467  man ls -latr
  468  ls -latr help
  469  ls -latr
  470  ls - lat
  471  ls -lat
  472  ls
  473  man ls
  474  tar
  475  tar --help[
  476  tar --help
  477  ls -
  478  ls -l
  479  -la
  480  ls -la
  481  ls -lat
  482  gvim
  483  gvim spotify-2023.csv 
  484  vim
  485  deeznuts
  486  we spotify-2023.csv 
  487  wc spotify-2023.csv 
  488  wc -l spotify-2023.csv 
  489  wc - w spotify-2023.csv 
  490  we -w spotify-2023.csv 
  491  wc -w spotify-2023.csv 
  492  wc help
  493  wc --help
  494  wc --chars spotify-2023.csv q
  495  wc --chars spotify-2023.csv
  496  wc --lines spotify-2023.csv
  497  ech "me"
  498  echo "me"
  499  pwd
  500  echo 'pwd'
  501  echo "pwd"
  502  echo pwed
  503  echo pwd
  504  'pwd'
  505  echo $Home
  506  echo $HOME
  507  echo HOME
  508  gvim .bashrc
  509  vim .bashrc
  510  lll
  511  source .bashrc
  512  lll
  513  ech $dir
  514  echo $dir
  515  echo $USER
  516  cd ~
  517  ls
  518  echo $current 
  519  echo $PATH
  520  cd ~
  521  echo $PATH
  522  >tip
  523  >top
  524  > top
  525  top
  526  exit
  527  logout
  528  find /etc -type f > one.txt 2> two.txt
  529  cat one.txt
  530  cat two.txt
  531  wget https://raw.githubusercontent.com/jyotikahp/DemoRepoForCS131/main/Global%20YouTube%20Statistics.csv
  532  cut -d',' -f4,5 "Global YouTube Statistics.csv" | sort | uniq -c | sort -nr | head -3
  533  cat Global\ YouTube\ Statistics.csv.1
  534  cut -d',' -f22,23 "Global YouTube Statistics.csv" | sort | uniq -c | sort -nr | head -3
  535  cut -d',' -f22,23 "Global YouTube Statistics.csv.1" | sort | uniq -c | sort -nr | head -3
  536  cut -d',' -f22,23 "Global YouTube Statistics.csv" | sort | uniq -c | sort -nr | head -3 | awk '{print strftime("%B,%Y", mktime("1 "$2", 00 00 00")), "with", $1, "channels"}'
  537  cut -d',' -f22,23 "Global YouTube Statistics.csv" | sort | uniq -c | sort -nr | head -3 | awk '{print $2" with "$1" channels"}' | awk 'BEGIN{OFS=","}{print $2, $1}'
  538  cut -d',' -f22,3 "Global YouTube Statistics.csv" | sort | uniq -c | sort -nr | head -3 | awk '{print strftime("%B,%Y", mktime("1 "$2", 00 00 00")), "with", $1, "channels"}'
  539  cut -d',' -f22,23 "Global YouTube Statistics.csv" | tail -n +2 | sort | uniq -c | sort -nr | head -3 | awk -F',' '{print $2" with "$1" channels"}' | awk 'BEGIN{OFS=","}{print $2, $1}'
  540  cut -d',' -f21,22 "Global YouTube Statistics.csv.1" | tail -n +2 | sort | uniq -c | sort -nr | head -3 | awk -F',' '{print $2" with "$1" channels"}' | awk 'BEGIN{OFS=","}{print $2, $1}'
  541  cut -d',' -f22,23 "Global YouTube Statistics.csv" | tail -n +2 | sort | uniq -c | sort -nr | head -3 | awk '{print $2" with "$1" channels"}' | awk 'BEGIN{OFS=","}{print $2, $1}'
  542  cut -d',' -f22,23 "Global YouTube Statistics.csv" | tail -n +2 | sort | uniq -c | sort -nr | head -3 | awk '{print strftime("%B,%Y", mktime("1 "$2", 00 00 00")), "with", $1, "channels"
  543  cut -d',' -f21,22 "Global YouTube Statistics.csv" | tail -n +2 | sort | uniq -c | sort -nr | head -3 | awk '{print $2" with "$1" channels"}' | awk 'BEGIN{OFS=","}{print $2, $1}'
  544  cut -d',' -f22,23 "Global YouTube Statistics.csv" | tail -n +2 | sort | uniq -c | awk 'BEGIN {FS=","} {print $2","$1}' | sort -t',' -k1,1 -k2,2nr | awk -F',' '{if (!seen[$1]++) print $1" with "$2" channels"}' | head -3
  545  cat Global\ YouTube\ Statistics.csv.1
  546  cut -d',' -f22,23 "Global YouTube Statistics.csv" | tail -n +2 | sort | uniq -c | awk 'BEGIN {FS=","} {print $2","$1}' | sort -t',' -k1,1 -k2,2nr | awk -F',' '{if (!seen[$1]++) print $1" with "$2" channels"}' | head -3
  547  cut -d ',' -f2,3 dataset.csv | sort | uniq -c | sort -nr | head -n 3
  548  cut -d ',' -f2,3 Global\ YouTube\ Statistics.csv.1 | sort | uniq -c | sort -nr | head -n 3
  549  cut -d',' -f2 dataset.csv | sort | uniq -c | sort -nr | head -n 3
  550  cut -d',' -f2 Global\ YouTube\ Statistics.csv.1 | sort | uniq -c | sort -nr | head -n 3
  551  excel Global\ YouTube\ Statistics.csv.1
  552  cut -d',' -f20,21 "Global YouTube Statistics.csv" | tail -n +2 | sort | uniq -c | sort -nr | head -3 | awk -F',' '{print $2" with "$1" channels"}' | awk 'BEGIN{OFS=","}{print $2, $1}'
  553  cut -d',' -f20,21 "Global YouTube Statistics.csv.1" | tail -n +2 | sort | uniq -c | sort -nr | head -3 | awk -F',' '{print $2" with "$1" channels"}' | awk 'BEGIN{OFS=","}{print $2, $1}'
  554  cut -d',' -f20,21 "Global YouTube Statistics.csv.1" | tail -n +2 | sort | uniq -c | sort -nr | head -3 | awk -F',' '{print $1","$2" with "$1" channels"}' | awk 'BEGIN{OFS=","}{print $2, $1}'
  555  cut -d',' -f20,21 "Global YouTube Statistics.csv.1" | tail -n +2 | sort | uniq -c | sort -nr | head -3 | awk -F',' '{print $2","$1" with "$1" channels"}' | awk 'BEGIN{OFS=","}{print $2, $1}'
  556  cut -d',' -f20,21 "Global YouTube Statistics.csv.1" | tail -n +2 | sort | uniq -c | sort -nr | head -3 | awk -F',' '{print $2","$1" with "$1" channels"}
  557  cut -d',' -f20,21 "Global YouTube Statistics.csv.1" | tail -n +2 | sort | uniq -c | sort -nr | head -3 | awk -F',' '{print $2","$1" with "$1" channels"}'
  558  exit
  559  cut -d',' -f20,21 "Global YouTube Statistics.csv.1" | tail -n +2 | sort | uniq -c | sort -nr | head -3 | awk -F',' '{print $2","$1" with "$1" channels"}
  560  cut -d',' -f20,21 "Global YouTube Statistics.csv.1" | tail -n +2 | sort | uniq -c | sort -nr | head -3 | awk -F',' '{print $2","$1" with "$1" channels"}'
  561  exit
  562  ps -u $USER
  563  script
  564  cut -d',' -f20,21 "Global YouTube Statistics.csv" | tail -n +2 | sort | uniq -c | sort -nr | head -3 | awk -F, '{print $2, $1 " channels"}'
  565  cut -d',' -f20,21 "Global YouTube Statistics.csv" | tail -n +2 | sort | uniq -c | sort -nr | head -3 | awk '{print $2, $3, $1 " channels"}'
  566  cut -d',' -f20,21 "Global YouTube Statistics.csv" | tail -n +2 | sort | uniq -c | sort -nr | head -3 | awk -F ' ' '{print $2 "," $3 " with " $1 " channels"}'
  567  cut -d',' -f20,21 "Global YouTube Statistics.csv" | tail -n +2 | sort | uniq -c | sort -nr | head -3 | awk -F ' ' '{print $3 "," $2 " with " $1 " channels"}'
  568  cut -d',' -f20,21 "Global YouTube Statistics.csv" | tail -n +2 | sort | uniq -c | sort -nr | head -3 | awk -F ',' '{print $2 "," $1 " with " $3 " channels"}'
  569  cut -d',' -f20,21 "Global YouTube Statistics.csv" | tail -n +2 | sort | uniq -c | sort -nr | head -3 | awk -F ',' '{print $2 "," $3 " with " $1 " channels"}'
  570  s
  571  Jul,     13 2014 with  channelscut -d',' -f20,21 "Global YouTube Statistics.csv" | tail -n +2 | sort | uniq -c | sort -nr | head -3 | awk -F ',' '{printf "%-9s, %-6s with %-5d channels\n", $2, $3, $1}'
  572  cut -d',' -f20,21 "Global YouTube Statistics.csv" | tail -n +2 | sort | uniq -c | sort -nr | head -3 | awk -F ',' '{printf "%-9s, %-6s with %-5d channels\n", $2, $3, $1}'
  573  cut -d',' -f20,21 "Global YouTube Statistics.csv" | tail -n +2 | sort | uniq -c | sort -nr | head -3 | awk -F ',' '{printf "%-9s, %-4s, %d\n", $2, $3, $1}'
  574  cat Global\ YouTube\ Statistics.csv.1
  575  cut -d',' -f20,21 "Global YouTube Statistics.csv" | tail -n +2 | sort | uniq -c | sort -nr | head -3 | awk -F ',' '{print $2 " " $3 " with " $1 " channels"}'
  576  cut -d',' -f20,21 "Global YouTube Statistics.csv" | tail -n +2 | sort | uniq -c | sort -nr | head -3 | awk -F ',' '{print $2 " " $3 " with " $3 " channels"}'
  577  cut -d',' -f20,21 "Global YouTube Statistics.csv" | tail -n +2 | sort | uniq -c | sort -nr | head -3 | awk -F ',' '{print $2 "," $1 "with" $3 " channels"}'
  578  cut -d',' -f20,21 "Global YouTube Statistics.csv" | tail -n +2 | sort | uniq -c | sort -nr | head -3 | awk -F ',' '{print $2 "," $1}'
  579  cut -d',' -f20,21 "Global YouTube Statistics.csv" | tail -n +2 | sort | uniq -c | sort -nr | head -3 | awk -F ',' '{print $2$1}'
  580  21 "Global YouTube Statistics.csv" | tail -n +2 | sort | uniq -c | sort -nr | head -3 | awk -F ',' '{print $2 ", " $3 " with " $1 " channels"
  581  exit
  582  logout
  583  sdf[,sdf[p,fsd[p
  584  [zakisp24@sjsu ~]$ 21 "Global YouTube Statistics.csv" | tail -n +2 | sort | uniq -c | sort -nr | head -3 | awk -F ',' '{print $2 ", " $3 " with " $1 " channels"}
  585  awk: cmd. line:8: [zakisp24@sjsu ~]$ 21 "Global YouTube Statistics.csv" | tail -n +2 | sort | uniq -c | sort -nr | head -3 | awk -F , {print
  586  awk: cmd. line:8:                                                         ^ syntax error
  587  awk: cmd. line:8: [zakisp24@sjsu ~]$ 21 "Global YouTube Statistics.csv" | tail -n +2 | sort | uniq -c | sort -nr | head -3 | awk -F , {print
  588  awk: cmd. line:8:                                                                      ^ syntax error
  589  awk: cmd. line:8: [zakisp24@sjsu ~]$ 21 "Global YouTube Statistics.csv" | tail -n +2 | sort | uniq -c | sort -nr | head -3 | awk -F , {print
  590  awk: cmd. line:8:                                                                                       ^ syntax error
  591  awk: cmd. line:8: [zakisp24@sjsu ~]$ 21 "Global YouTube Statistics.csv" | tail -n +2 | sort | uniq -c | sort -nr | head -3 | awk -F , {print
  592  awk: cmd. line:8:                                                                                                  ^ syntax error
  593  awk: cmd. line:8: [zakisp24@sjsu ~]$ 21 "Global YouTube Statistics.csv" | tail -n +2 | sort | uniq -c | sort -nr | head -3 | awk -F , {print
  594  awk: cmd. line:8:                                                                                                            ^ syntax error
  595  awk: cmd. line:8: [zakisp24@sjsu ~]$ 21 "Global YouTube Statistics.csv" | tail -n +2 | sort | uniq -c | sort -nr | head -3 | awk -F , {print
  596  cut -d',' -f20,21 "Global YouTube Statistics.csv" | tail -n +2 | sort | uniq -c | sort -nr | head -3 | awk -F ',' '{print $2 ", " $3 " with " $1 " channels"}'
  597  cat Global\ YouTube\ Statistics.csv
  598  cut -d',' -f20,21 "Global YouTube Statistics.csv" | tail -n +2 | sort | uniq -c | sort -nr | head -3 | awk -F ',' '{print $2 ", " $3 " with " $1 " channels"}'
  599  cut -d',' -f20,21 "Global YouTube Statistics.csv" | tail -n +2 | sort | uniq -c | sort -nr | head -3 | awk '{print $2 ", " $3 " with " $1 " channels"}'
  600  cut -d',' -f20,21 "Global YouTube Statistics.csv" | tail -n +2 | sort | uniq -c | sort -nr | head -3 | awk -F', ' '{print $2 ", " $1 $3 " with " $4 " channels"}'
  601  cut -d',' -f20,21 "Global YouTube Statistics.csv" | tail -n +2 | sort | uniq -c | sort -nr | head -3 | awk '{print $2 ", " $3 " with " $1 " channels"}'
  602  cut -d',' -f20,21 "Global YouTube Statistics.csv" | tail -n +2 | sort | uniq -c | sort -nr | head -3 | awk '{print $3 ", " $2 " with " $1 " channels"}'
  603  cut -d', ' -f20,21 "Global YouTube Statistics.csv" | tail -n +2 | sort | uniq -c | sort -nr | head -3 | awk '{print $3 ", " $2 " with " $1 " channels"}'
  604  cut -d',' -f20,21 "Global YouTube Statistics.csv" | tail -n +2 | sort | uniq -c | sort -nr | head -3 | awk '{print $3 ", " $2 " with " $1 " channels"}'
  605  cut -d',' -f20,21 "Global YouTube Statistics.csv" | tail -n +2 | sort | uniq -c | sort -nr | head -3 | awk '{print substr($3,2) ", " $2 " with " $1 " channels"}'
  606  cut -d',' -f20,21 "Global YouTube Statistics.csv" | tail -n +2 | sort | uniq -c | sort -nr | head -3 | awk '{print $2, $3, "with", $1, "channels"}'
  607  cut -d',' -f20,21 "Global YouTube Statistics.csv" | tail -n +2 | sort | uniq -c | sort -nr | head -3 | awk '{print substr($3,2) ", " $2 " with " $1 " channels"}'
  608  cut -d',' -f20,21 "Global YouTube Statistics.csv" | tail -n +2 | sort | uniq -c | sort -nr | head -3 | awk '{print $2, $3, "with", $1, "channels"}'
  609  cut -d',' -f20,21 "Global YouTube Statistics.csv" | tail -n +2 | sort | uniq -c | sort -nr | head -3 | awk '{print $3, $2, "with", $1, "channels"}'
  610  ps -u $USER
  611  vi file.txt
  612  q!
  613  vim
  614  vi
  615  vi 'file.txt'
  616  ps -u $USER
  617  ps -p 1
  618  ps aux
  619  logout
  620  ibmvm
  621  exit
  622  logout
  623  find /etc -type f > one.txt 2> two.txt
  624  cat one.txt 
  625  cat two.txt 
  626  wget https://raw.githubusercontent.com/jyotikahp/DemoRepoForCS131/main/Global%20YouTube%20Statistics.csv
  627  cut -d',' -f20,21 "Global YouTube Statistics.csv" | tail -n +2 | sort | uniq -c | sort -nr | head -3 | awk '{print $3, $2, "with", $1, "channels"}'
  628  ps -u $USER
  629  ps -p 1
  630  ps aux
  631  exit
  632  wget https://raw.githubusercontent.com/jyotikahp/DemoRepoForCS131/main/Global%20YouTube%20Statistics.csv
  633  cut -d',' -f20,21 "Global YouTube Statistics.csv" | tail -n +2 | sort | uniq -c | sort -nr | head -3 | awk '{print $3, $2, "with", $1, "channels"}'
  634  ps -u $USER
  635  vi file.txt
  636  ps -u $USER
  637  ps -p 1
  638  ps aux
  639  history > cmds.log
  640  ls
  641  cat cmds.log
  642  la
  643  ls
  644  rm typescript 
  645  rm Global\ YouTube\ Statistics.csv
  646  cat cmds.log
  647  exit
  648  vi 'file.txt'
  649  cat history
  650  history > cmds
  651  ls
  652  cat cmds
  653  2,23 "Global YouTube Statistics.csv.1" | sort | uniq -c | sort -nr | head -3
  654    536  cut -d',' -f22,23 "Global YouTube Statistics.csv" | sort | uniq -c | sort -nr | head -3 | awk '{print strftime("%B,%Y", mktime("1 "$2", 00 00 00")), "with", $1, "channels"}'
  655    537  cut -d',' -f22,23 "Global YouTube Statistics.csv" | sort | uniq -c | sort -nr | head -3 | awk '{print $2" with "$1" channels"}' | awk 'BEGIN{OFS=","}{print $2, $1}'
  656    538  cut -d',' -f22,3 "Global YouTube Statistics.csv" | sort | uniq -c | sort -nr | head -3 | awk '{print strftime("%B,%Y", mktime("1 "$2", 00 00 00")), "with", $1, "channels"}'
  657    539  cut -d',' -f22,23 "Global YouTube Statistics.csv" | tail -n +2 | sort | uniq -c | sort -nr | head -3 | awk -F',' '{print $2" with "$1" channels"}' | awk 'BEGIN{OFS=","}{print $2, $1}'
  658    540  cut -d',' -f21,22 "Global YouTube Statistics.csv.1" | tail -n +2 | sort | uniq -c | sort -nr | head -3 | awk -F',' '{print $2" with "$1" channels"}' | awk 'BEGIN{OFS=","}{print $2, $1}'
  659    541  cut -d',' -f22,23 "Global YouTube Statistics.csv" | tail -n +2 | sort | uniq -c | sort -nr | head -3 | awk '{print $2" with "$1" channels"}' | awk 'BEGIN{OFS=","}{print $2, $1}'
  660    542  cut -d',' -f22,23 "Global YouTube Statistics.csv" | tail -n +2 | sort | uniq -c | sort -nr | head -3 | awk '{print strftime("%B,%Y", mktime("1 "$2", 00 00 00")), "with", $1, "channels"
  661    543  cut -d',' -f21,22 "Global YouTube Statistics.csv" | tail -n +2 | sort | uniq -c | sort -nr | head -3 | awk '{print $2" with "$1" channels"}' | awk 'BEGIN{OFS=","}{print $2, $1}'
  662    544  cut -d',' -f22,23 "Global YouTube Statistics.csv" | tail -n +2 | sort | uniq -c | awk 'BEGIN {FS=","} {print $2","$1}' | sort -t',' -k1,1 -k2,2nr | awk -F',' '{if (!seen[$1]++) print $1" with "$2" channels"}' | head -3
  663    545  cat Global\ YouTube\ Statistics.csv.1
  664    546  cut -d',' -f22,23 "Global YouTube Statistics.csv" | tail -n +2 | sort | uniq -c | awk 'BEGIN {FS=","} {print $2","$1}' | sort -t',' -k1,1 -k2,2nr | awk -F',' '{if (!seen[$1]++) print $1" with "$2" channels"}' | head -3
  665    547  cut -d ',' -f2,3 dataset.csv | sort | uniq -c | sort -nr | head -n 3
  666    548  cut -d ',' -f2,3 Global\ YouTube\ Statistics.csv.1 | sort | uniq -c | sort -nr | head -n 3
  667    549  cut -d',' -f2 dataset.csv | sort | uniq -c | sort -nr | head -n 3
  668    550  cut -d',' -f2 Global\ YouTube\ Statistics.csv.1 | sort | uniq -c | sort -nr | head -n 3
  669  ls
  670  cat cmds
  671  ls
  672  cd sampleProject/
  673  ls
  674  cd Assignment
  675  cd Assignment2
  676  ls
  677  ls
  678  rm Global\ YouTube\ Statistics.csv
  679  rm Global\ YouTube\ Statistics.csv.1 
  680  ls
  681  script
  682  ls
  683  cd sampleProject/
  684  ls
  685  mkdir Assignment2
  686  ls
  687  cd Assignment2
  688  history > cmds.log
  689  cd ..
  690  cd..
  691  ls
  692  cd ..
  693  ls
  694  mv typescript sampleProject/Assignment2/Assignment2.txt
  695  cd sampleProject/
  696  cd Assignment2
  697  ls
  698  cat Assignment2.txt 
  699  ls
  700  vi Assignment2.txt 
  701  ls
  702  vim cmds.log 
  703  script
  704  git status
  705  git push
  706  git commit -m "Assignment 2"
  707  ls
  708  cd..
  709  cd ..
  710  git commit
  711  git push
  712  git status
  713  git add
  714  git add .
  715  git commit
  716  git push
  717  git status
  718  exit
  719   cut -d ',' -f 8,16 Global\ YouTube\ Statistics.csv | grep -E "United States|United Kingdom|India" | sort -t ',' -k 2 -n -r > ws3.txt
  720  cat ws3.txt 
  721  cut -d ',' -f 5,3 Global\ YouTube\ Statistics.csv | grep -E "Sports|Education|Entertainment" | sort -t ',' -k 2 -n -r >> ws3.txt
  722  cat ws3,txt 
  723  vi ws3.txt 
  724  vi ws.txt
  725  vi w3.txt
  726  vi ws3.txt
  727  rm ws3.txt 
  728  ls
  729  exit
  730  rm ws3.txt
  731  ls
  732  rm ws3,txt 
  733  ls
  734  end
  735  exit
  736  logout
  737  exit
  738  cut -d ',' -f 8,16 Global\ YouTube\ Statistics.csv | grep -E "United States|United Kingdom|India" | sort -t ',' -k 2 -n -r > ws3.txt
  739  cut -d ',' -f 5,3 Global\ YouTube\ Statistics.csv | grep -E "Sports|Education|Entertainment" | sort -t ',' -k 2 -n -r >> ws3.txt
  740  exit
  741  ls
  742  cd
  743  ls
  744  exit
  745  cut -d ',' -f 8,16 Global\ YouTube\ Statistics.csv | grep -E "United States|United Kingdom|India" | sort -t ',' -k 2 -n -r > ws3.txt
  746  cut -d ',' -f 5,3 Global\ YouTube\ Statistics.csv | grep -E "Sports|Education|Entertainment" | sort -t ',' -k 2 -n -r >> ws3.txt
  747  history > sampleProject/Worksheet3/cmds.log 
  748  exit
  749  script ws3.txt
  750  ls 
  751  cd sampleProject/
  752  cd Worksheet3
  753  ls
  754  cat cmds.log
  755  git push
  756  git commit -m "ws3
  757  gdfgkdf[pgd
  758  logout
  759  cmds.log 
  760  fewfoefoewf
  761  exit
  762  las
  763  ls
  764  cd Worksheet3
  765  cd ..
  766  rm typescript 
  767  cd Worksheet3
  768  vi cmds.log
  769  logout
  770  lopgout
  771  logout
  772  exit
  773  ls -la ~ | grep .bash_profile
  774  nano ~/.bash_profile
  775  vi ~/.bash_profile
  776  source ~/.bash_profile
  777  l
  778  w
  779  ls
  780  cd sampleProject
  781  cd Worksheet4
  782  ls
  783  mkdir Subscribers
  784  cd ..
  785  ls
  786  cd ..
  787  cd
  788  ls
  789  cat Global\ YouTube\ Statistics.csv 
  790  awk -F, '$4 == "United States" {print $3}' YouTubers.csv > Subscribers/United_States.txt
  791  awk -F, '$8 == "United States" {print $3}' Global\ YouTube\ Statistics.csv > sampleProject/Worksheet4/Subscribers/United_States.txt
  792  awk -F, '$8 == "India" {print $3}' Global\ YouTube\ Statistics.csv > sampleProject/Worksheet4/Subscribers/India.txt
  793  cd sampleProject/Worksheet4/Subscribers/
  794  ls
  795  cat India.txt
  796  cd ..
  797  ls
  798  cd ..
  799  echo "Mean Subscribers for United States:" > ws4_means.txt
  800  rm ws4_means.txt 
  801  ls
  802  echo "Mean Subscribers for United States:" > sampleProject/Worksheet4/ws4_means.txt
  803  awk '{ total += $1; count++ } END {print total/count }' sampleProject/Worksheet4/Subscribers/United_States.txt >> sampleProject/Worksheet4/ws4_means.txt 
  804  echo "Mean Subscribers for India:" > sampleProject/Worksheet4/ws4_means.txt
  805  awk '{ total += $1; count++ } END {print total/count }' sampleProject/Worksheet4/Subscribers/India.txt >> sampleProject/Worksheet4/ws4_means.txt 
  806  ls
  807  cd sampleProject/Worksheet4/Subscribers/
  808  ls
  809  car ws4_means.txt 
  810  cat ws4_means.txt 
  811  cd United Statesa
  812  ls
  813  cd Subscribers/
  814  ls
  815  cat United_States.txt 
  816  ls
  817  cd 
  818  awk '{ total += $1; count++ } END {print total/count }' sampleProject/Worksheet4/Subscribers/India.txt >> sampleProject/Worksheet4/ws4_means.txt cd ..
  819  cd ..
  820  ls
  821  ls 
  822  cd zakisp24
  823  ls
  824  cd sampleProject
  825  cd Worksheet4
  826  echo "Mean Subscribers for United States:" > ws4_means.txt
  827  cat ws4_means.txt 
  828  awk '{ total += $1; count++ } END {print total/count }' Subscribers/United_States.txt >> ws4_means.txt 
  829  cat ws4_means.txt 
  830  echo "Mean Subscribers for India:" >> ws4_means.txt 
  831  awk '{ total += $1; count++ } END {print total/count }' Subscribers/India.txt >> ws4_means.txt
  832  cat ws4_means.txt 
  833  ls
  834  Task 3:
  835  Create a text file named greetings.txt with the following content:
  836  Hello, John Doe!
  837  Hi, Jane Doe!
  838  Greetings, John Smith!
  839  Hello, Michael Johnson!
  840  Hi, Emily Davis!
  841  Perform the following tasks using sed commands:
  842  Replace all instances of "Hello" with "Hi".
  843  Remove all lines that contain "Doe". 
  844  Append the text "(edited)" to the end of every line.
  845  Change the name "Michael Johnson" to "Mike Johnson" only for lines that start with "Hello,". 
  846  echo -e 'Hello, John Doe!\nHi, Jane Doe!\nGreetings, John Smith!\nHello, Michael Johnson!\nHi, Emily Davis!' > greetings.txt
  847  cat greetings.txt 
  848  sed -i 's/Hello/Hi/g' greetings.txt
  849  sed -i '/Doe/d' greetings.txt
  850  sed -i 's/$/ (edited)/' greetings.txt
  851  sed -i '/^Hi,/! s/Michael Johnson/Mike Johnson/' greetings.txt
  852  cat greetings.txt 
  853  ls
  854  script ws4.txt
  855  ls 
  856  mv ws4.txt sampleProject/Worksheet4
  857  cd sampleProject/Worksheet4
  858  ls
  859  git add
  860  git add .
  861  git status
  862  git commit -m "Worksheet4"
  863  git push
  864  git pull
  865  git push
  866  git status
  867  git add
  868  git add.
  869  exit
  870  wget https://raw.githubusercontent.com/jyotikahp/DemoRepoForCS131/main/last.fake
  871  wget https://raw.githubusercontent.com/jyotikahp/DemoRepoForCS131/main/passwd.fake
  872  last
  873  wc -l last.fake 
  874  grep 'sp24' last.fake > lastsp24.fake
  875  wc -l lastsp24.fake 
  876  grep 'Sun' lastsp24.fake | awk '{print $1}' 
  877  grep 'Sun' lastsp24.fake | awk '{print $1}' | sort | uniq
  878  grep 'Sun' lastsp24.fake | awk '{print $1}' | sort | uniq | awk 'BEGIN {print "The list of people who worked on Sunday are:"} {print} END {print "Kudos to these people for putting in the work"}'
  879  Task 3
  880  ----------------------------------------------------------------------------------------------------------------------------------------------------------------------------------------
  881  Find all the night owls from the lastsp24.fake file.
  882  Use the apporpriate file to find the users who logged in between 11PM - 4 AM ( inclusing 11PM, use >= 11PM and <=4AM)
  883  Again, give a list of distinct users.
  884  Directions: Use awk, sort and uniq!
  885  Give the commands and output for the same.
  886  Your script should output a report like this:
  887  Night Owls List:
  888  Tigresssp24
  889  Posp24
  890  Oogwaysp24
  891  Night Owls are dope. Please ensure you get enough sleep though.
  892  ---------------------------------------------------------------------------------------------------------------------------
  893  awk '$NF ~ /23:|00:|01:|02:|03:|04:/ {print $1}' lastsp24.fake | sort | uniq | awk 'BEGIN {print "Night Owls List:"} {print} END {print "Night Owls are dope. Please ensure you get enough sleep though."}'
  894  awk '$NF ~ /05:|06:|07:|08:|09:/ {print $1}' lastsp24.fake | sort | uniq | awk 'BEGIN {print "Early Birds List:"} {print} END {print "Early Birds are dope. Please ensure you get enough sleep though."}'
  895  awk '$1 ~ /^t/ {print $1}' lastsp24.fake
  896  cat passwd.fake 
  897  awk -F: '$1 ~ /^a/ && $3 % 2 == 0 {print $1}' passwd.fake
  898  sed 's/[a-zA-Z0-9[:space:]]//g' passwd.fake | sort -u
  899  logout
  900  wget https://raw.githubusercontent.com/jyotikahp/DemoRepoForCS131/main/last.fake
  901  wget https://raw.githubusercontent.com/jyotikahp/DemoRepoForCS131/main/passwd.fake
  902  lc -l last.fake 
  903  wc -l last.fake 
  904  grep 'sp24' last.fake > lastsp24.fake
  905  wc -l lastsp24.fake 
  906  grep 'Sun' lastsp24.fake | awk '{print $1}' | sort | uniq | awk 'BEGIN {print "The list of people who worked on Sunday are:"} {print} END {print "Kudos to these people for putting in the work"}'
  907  awk '$NF ~ /23:|00:|01:|02:|03:|04:/ {print $1}' lastsp24.fake | sort | uniq | awk 'BEGIN {print "Night Owls List:"} {print} END {print "Night Owls are dope. Please ensure you get enough sleep though."}'
  908  awk '$NF ~ /05:|06:|07:|08:|09:/ {print $1}' lastsp24.fake | sort | uniq | awk 'BEGIN {print "Early Birds List:"} {print} END {print "Early Birds are dope. Please ensure you get enough sleep though."}'
  909  awk '$1 ~ /^t/ {print $1}' lastsp24.fake
  910  awk -F: '$1 ~ /^a/ && $3 % 2 == 0 {print $1}' passwd.fake
  911  sed 's/[a-zA-Z0-9[:space:]]//g' passwd.fake | sort -u
  912  exit
  913  script Assignment3.txt
  914  cmds.log
  915  history > cmds
  916  ls
  917  cat cmds
  918  exit
  919  exit
  920  exit
  921  wget https://raw.githubusercontent.com/jyotikahp/DemoRepoForCS131/main/last.fake
  922  wget https://raw.githubusercontent.com/jyotikahp/DemoRepoForCS131/main/passwd.fake
  923  wc -l last.fake
  924  grep 'sp24' last.fake > lastsp24.fake
  925  wc -l lastsp24.fake
  926  grep 'Sun' lastsp24.fake | awk '{print $1}' | sort | uniq | awk 'BEGIN {print "The list of people who worked on Sunday are:"} {print} END {print "Kudos to these people for putting in the work"}'
  927  awk '$NF ~ /23:|00:|01:|02:|03:|04:/hisor {print $1}' lastsp24.fake | sort | uniq | awk 'BEGIN {print "Night Owls List:"} {print} END {print "Night Owls are dope. Please ensure you get enough sleep though."}'
  928  awk '$NF ~ /05:|06:|07:|08:|09:/ {print $1}' lastsp24.fake | sort | uniq | awk 'BEGIN {print "Early Birds List:"} {print} END {print "Early Birds are dope. Please ensure you get enough sleep though."}'
  929  awk '$1 ~ /^t/ {print $1}' lastsp24.fake
  930  awk -F: '$1 ~ /^a/ && $3 % 2 == 0 {print $1}' passwd.fake
  931  sed 's/[a-zA-Z0-9[:space:]]//g' passwd.fake | sort -u
  932  history > cmds.log
