    1  ls
    2  cd/
    3  cd /
    4  cd ~/.ssh && ssh-keygen
    5  cat id_rsa/pub
    6  cat id_rsa.pub
    7  cat id_rsa.pub.pub
    8  vim id_rsa
    9  ls
   10  rm cat id_rsa.pub.pub
   11  rm id_rsa.pub.pub
   12  ;s
   13  ls
   14  help
   15  ssh-keygen
   16  ls
   17  ssh-keygen
   18  ls
   19  ssh-keygen
   20  ls
   21  cd id_rsa
   22  cat id_rsa
   23  ls 
   24  rm all
   25  rm -r
   26  rm --help
   27  rm -r
   28  rm -r .ssh
   29  rm -r /.sshr
   30  ls
   31  rm -r id_rsa
   32  ls
   33  rm -r id_rsa.pub
   34  rm -r id_rsa.pub.pub
   35  ls
   36  rm -r cat id_rsa.pub
   37  rm -r "cat id_rsa.pub"
   38  rm -r "cat id_rsa.pub.pub"
   39  ls
   40  ssh-keygen[2~[B
   41  ls
   42  cat id_rsa.pub
   43  git remote add orgin git@github.com:<zakisheikh>/<CS131>.git
   44  git remote add orgin git@github.com:zakisheikh/CS131.git
   45  git remote add orgin zshake21@gmail.com:zakisheikh/CS131.git
   46  git remote add orgin git@github.com:zakisheikh/CS131.git
   47  git remote add origin git@github.com:zakisheikh/CS131.git
   48  git remote add origin git@github.com:zakisheikh/CS-131.git
   49  cd
   50  git remote add origin git@github.com:zakisheikh/CS-131.git
   51  ls
   52  cd sampleProject
   53  ls
   54  git status
   55  git remote add origin git@github.com:zakisheikh/CS-131.git
   56  git commit -m "test commit ibm vm"
   57  git status
   58  git push --set-upstream origin main
   59  git push --set-upstream origin master
   60  git status
   61  cat sampleFile.txt 
   62  vim
   63  vim sampleFile.txt 
   64  cat sampleFile.txt 
   65  git commit -m "new text"
   66  git add 
   67  git commit -a
   68  git commit -m "new text"
   69  git add sampleFile.txt
   70  git status
   71  git commit -m "new text"
   72  git push --set-upstream origin master
   73  git push
   74  git commit
   75  git remote
   76  log ogg
   77  exit
   78  cd
   79  help
   80  exit
   81  logout
   82  ls
   83  cd sampleProject
   84  cd
   85  wget https://raw.githubusercontent.com/jyotikahp/DemoRepoForCS131/main/spotify-2023.csv
   86  ls
   87  ls spotify-2023.csv
   88  cat spotify-2023.csv 
   89  :setnumber
   90  :set number
   91  vim
   92  vim help
   93  bim help
   94  vim spotify-2023.csv 
   95  vi spotify-2023.csv 
   96  fvffvvffvfvfvvfvf
   97  vi spotify-2023.csv 
   98  logout
   99  vi spotify-2023.csv 
  100  logout
  101  exit
  102  vi
  103  ls
  104  cd sampleProject/
  105  ls
  106  mv cmds.log Worksheet1
  107  gs
  108  gso
  109  git status
  110  git commit
  111  git push
  112  git status
  113  git add
  114  git add .
  115  get commit
  116  git commit
  117  git commit -m "moving to ws1"
  118  git push
  119  git status
  120  alias
  121  exit
  122  logout
  123  cd
  124  ls
  125  passwd
  126  ls sampleProject
  127  cd sampleProject
  128  ls
  129  mkdir "Worksheet1"
  130  ls
  131  history > cmds.log
  132  git add cmds.log
  133  git commit -m "command historr for ws1"
  134  git status
  135  git push
  136  git status
  137  git help
  138  sh -c "$(wget https://raw.githubusercontent.com/ohmyzsh/ohmyzsh/master/tools/install.sh -O -)"
  139  sh -c "$(curl -fsSL https://raw.githubusercontent.com/ohmyzsh/ohmyzsh/master/tools/install.sh)"
  140  apt install zsh
  141  ls
  142  man date
  143  export DATETIME = 'date'
  144  export DATETIME= 'date'
  145  OUTDIR=out.$DATETIME
  146  echo $OUTDIR
  147  date
  148  man date
  149  echo "pwd"
  150  echo 'pwd'
  151  echo `pwd`
  152  echo "pwd"
  153  echo $?
  154  ls
  155  git status
  156  ls -a
  157  ls -la
  158  ls .gitconfig
  159  echo .gitconfig
  160  cat .gitconfig
  161  cat .viminfo
  162  ls -la
  163  cat .bash_history
  164  ls -la
  165  cat .ssh
  166  ls .ssh
  167  cat .wget-hsts
  168  ls -la
  169  cat .bash_profile
  170  %
  171  cat .
  172  ls .
  173  ls ..
  174  cat aarushisp24
  175  ls ../aarushisp24
  176  ls -al
  177  vi .bashrc
  178  source .bashrc
  179  ls -al
  180  cat .bashrc
  181  lll
  182  ls .
  183  lll
  184  cat .bashrc
  185  ls -latr
  186  lll
  187  ech $USER
  188  echo "Hello, $USER"
  189  ogout
  190  logout
  191  sh -c "$(wget https://raw.githubusercontent.com/ohmyzsh/ohmyzsh/master/tools/install.sh -O -)"
  192  wget https://raw.githubusercontent.com/ohmyzsh/ohmyzsh/master/tools/install.sh -O -
  193  RUNZSH
  194  exec zsh
  195  exec zsh -l
  196  zsh --version
  197  pwd
  198  cat /etc/password
  199  sudo
  200  grep wheel /etc
  201  grep wheel /etc/group
  202  ls -l
  203  usermod
  204  wget https://raw.githubusercontent.com/jyotikahp/DemoRepoForCS131/main/Global%20YouTube%20Statistics.csv
  205  grep "United States"
  206  ls
  207  grep "United States" GlobalYoutubeStatistics.csv
  208  grep "United States" Global Youtube Statistics.csv
  209  grep "United States" Global_Youtube_Statistics.csv
  210  grep "United States" 'Global Youtube Statistics.csv'
  211  grep
  212  grep --help
  213  cat 'Global Youtube Statistics.csv'
  214  ls
  215  cat GlobalYouTubeStatistics.csv
  216  ls
  217  cd 'Global Youtube Statistics.csv'
  218  ls
  219  cat --help
  220  cat GlobalYouTubeStatistics.csv
  221  cat
  222  cat 'Global YouTube Statistics.csv' 
  223  grep "United States" 'Global YouTube Statistics.csv' 
  224  grep "Music" 'Global YouTube Statistics.csv' 
  225  grep "Music" 'Global YouTube Statistics.csv' | wc -l >> counts.txt
  226  grep "Music" 'Global YouTube Statistics.csv' | wc -w >> counts.txt
  227  nano counts.txt
  228  history > cmds.log
  229  cd
  230  ls
  231  cd sampleProject
  232  ls
  233  mkdir Worksheet2
  234  ls
  235  cd Worksheet2
  236  git add cmds.log
  237  git add 'cmds.log'
  238  history > cmds.log
  239  git commit
  240  git add cmds.log
  241  git commit -m "Add WS2"
  242  git push
  243  git status
  244  git add counts.txt
  245  ls
  246  cd
  247  ls
  248  git add counts.txt
  249  cd sampleProject
  250  ls
  251  cd Worksheet2
  252  git add counts.txt
  253  cd
  254  git add counts.txt
  255  ls
  256  cd sampleProject
  257  git add counts.txt
  258  cd
  259  ls
  260  mv counts.txt sampleProject/Worksheet2
  261  git add counts.txt
  262  cd
  263  ls
  264  cd sampleProject
  265  ls
  266  cd Worksheet2
  267  git add counts.txt
  268  git commit -m "adding the counts for lines"
  269  git push
  270  git status
  271  rm cmds.log
  272  history > cmds.log
  273  ls
  274  rm cmds.log
  275  ls
  276  git commit
  277  git push
  278  git status
  279  git add/rm
  280  ait rm
  281  git rm
  282  git rm cmds.log 
  283  git push
  284  git statis
  285  git status
  286  ls
  287  history > cmds.log
  288  git add cmds.log 
  289  git commit
  290  git commit -m "adding history of cmds"
  291  git push
  292  git status
  293  ech $SHELL
  294  echo $SHELL
  295  exit
  296  cd
  297  ls
  298  cd sampleProject/
  299  ls
  300  mkdir Assignment1
  301  ls
  302  cd Assignment1/
  303  ls
  304  echo $SHELL
  305  echo $HOME
  306  echo $UID
  307  echo $UID groups
  308  echo $UID
  309  groups
  310  mkdir myDir
  311  ls
  312  chmod u-w myDIR
  313  chmod u-w myDir
  314  cd
  315  ls
  316  cd Assignment1/
  317  cd sampleProject/Assignment1/
  318  ls
  319  cd myDir
  320  ls
  321  u-w myDir
  322  ls 
  323  cd
  324  cd sampleProject/Assignment1/
  325  ls
  326  chmod u-w myDir
  327  cd myDir
  328  cd ..
  329  ls - ld myDir
  330  ls
  331  cd mDir
  332  cd myDir
  333  ls -ld
  334  cd sampleProject/Assignment1
  335  cd
  336  ls
  337  cd sampleProject/
  338  cd Assignment1/
  339  ls -ld
  340  ls -ld myDir
  341  mkdir myDir2
  342  mkdir myDir3
  343  touch myDir2/myFile.txt
  344  ls
  345  cd myDir2
  346  ls
  347  cd ..
  348  mv myDir2/myFile.txt myDir3/
  349  free -m
  350  cat /etc/os-release 
  351  ls -l /etc/os-release 
  352  touch cmds.log
  353  touch Assignment.txt
  354  history > cmds.log
  355  ls
  356  cat cmds.log 
  357  script cmds2.log
  358  cat cmds2.log
  359  ls
  360  cd ..
  361  ls
  362  rm -r
  363  rm -r Assignment1
  364  ls
  365  mkdir Assignment
  366  rm -r Assignment/
  367  ls
  368  mkdir Assignment1
  369  ls
  370  rm -r Assignment1/
  371  exit
  372  ls
  373  cd sampleProject/
  374  ls
  375  mkdir Assignment1
  376  echo $SHELL
  377  echo $HOME
  378  echo $UID
  379  groups
  380  mkdir myDir
  381  ls
  382  rm -r myDir/
  383  cd Assignment1/
  384  ls
  385  mkdir myDir
  386  ls
  387  chmod u-w myDir
  388  ls -ld
  389  ls -ld myDir/
  390  mkdir myDir2
  391  mkdir myDir3
  392  touch myDir2/myFile.txt
  393  mv myDir2/myFile.txt myDir3/
  394  ls
  395  cd myDir3
  396  ls
  397  cd ..
  398  ls
  399  cd..
  400  cd ..
  401  ls
  402  free -m
  403  cat /etc/os-release 
  404  ls -l /etc/os-release 
  405  exit
  406  ls
  407  cat cmds.log
  408  ls
  409  script Assignment1.txt
  410  ls
  411  mv Assignment1.txt sampleProject/Assignment1/
  412  ls
  413  cd sampleProject
  414  ls
  415  cd Assignment1/
  416  ls
  417  touch cmds.log
  418  history > cmds.log
  419  ls
  420  cat cmds.log 
  421  ls
  422  cat Assignment1.txt 
  423  vim cmds.log
  424  cat cmds.log 
  425  vim Assignment1.txt 
  426  cat Assignment1.txt 
  427  cd ..
  428  ls
  429  git push
  430  git commit -m "Assignment1"
  431  git add Assignment1/
  432  git commit -m "Assignment1"
  433  git push
  434  git status
  435  exit
  436  ech $SHELL
  437  man echo
  438  man sed
  439  man awk
  440  sed help
  441  help
  442  man help
  443  ls
  444  ls =latr
  445  ls -latr
  446  man ls -latr
  447  ls -latr help
  448  ls -latr
  449  ls - lat
  450  ls -lat
  451  ls
  452  man ls
  453  tar
  454  tar --help[
  455  tar --help
  456  ls -
  457  ls -l
  458  -la
  459  ls -la
  460  ls -lat
  461  gvim
  462  gvim spotify-2023.csv 
  463  vim
  464  deeznuts
  465  we spotify-2023.csv 
  466  wc spotify-2023.csv 
  467  wc -l spotify-2023.csv 
  468  wc - w spotify-2023.csv 
  469  we -w spotify-2023.csv 
  470  wc -w spotify-2023.csv 
  471  wc help
  472  wc --help
  473  wc --chars spotify-2023.csv q
  474  wc --chars spotify-2023.csv
  475  wc --lines spotify-2023.csv
  476  ech "me"
  477  echo "me"
  478  pwd
  479  echo 'pwd'
  480  echo "pwd"
  481  echo pwed
  482  echo pwd
  483  'pwd'
  484  echo $Home
  485  echo $HOME
  486  echo HOME
  487  gvim .bashrc
  488  vim .bashrc
  489  lll
  490  source .bashrc
  491  lll
  492  ech $dir
  493  echo $dir
  494  echo $USER
  495  cd ~
  496  ls
  497  echo $current 
  498  echo $PATH
  499  cd ~
  500  echo $PATH
  501  >tip
  502  >top
  503  > top
  504  top
  505  exit
  506  logout
  507  find /etc -type f > one.txt 2> two.txt
  508  cat one.txt
  509  cat two.txt
  510  wget https://raw.githubusercontent.com/jyotikahp/DemoRepoForCS131/main/Global%20YouTube%20Statistics.csv
  511  cut -d',' -f4,5 "Global YouTube Statistics.csv" | sort | uniq -c | sort -nr | head -3
  512  cat Global\ YouTube\ Statistics.csv.1
  513  cut -d',' -f22,23 "Global YouTube Statistics.csv" | sort | uniq -c | sort -nr | head -3
  514  cut -d',' -f22,23 "Global YouTube Statistics.csv.1" | sort | uniq -c | sort -nr | head -3
  515  cut -d',' -f22,23 "Global YouTube Statistics.csv" | sort | uniq -c | sort -nr | head -3 | awk '{print strftime("%B,%Y", mktime("1 "$2", 00 00 00")), "with", $1, "channels"}'
  516  cut -d',' -f22,23 "Global YouTube Statistics.csv" | sort | uniq -c | sort -nr | head -3 | awk '{print $2" with "$1" channels"}' | awk 'BEGIN{OFS=","}{print $2, $1}'
  517  cut -d',' -f22,3 "Global YouTube Statistics.csv" | sort | uniq -c | sort -nr | head -3 | awk '{print strftime("%B,%Y", mktime("1 "$2", 00 00 00")), "with", $1, "channels"}'
  518  cut -d',' -f22,23 "Global YouTube Statistics.csv" | tail -n +2 | sort | uniq -c | sort -nr | head -3 | awk -F',' '{print $2" with "$1" channels"}' | awk 'BEGIN{OFS=","}{print $2, $1}'
  519  cut -d',' -f21,22 "Global YouTube Statistics.csv.1" | tail -n +2 | sort | uniq -c | sort -nr | head -3 | awk -F',' '{print $2" with "$1" channels"}' | awk 'BEGIN{OFS=","}{print $2, $1}'
  520  cut -d',' -f22,23 "Global YouTube Statistics.csv" | tail -n +2 | sort | uniq -c | sort -nr | head -3 | awk '{print $2" with "$1" channels"}' | awk 'BEGIN{OFS=","}{print $2, $1}'
  521  cut -d',' -f22,23 "Global YouTube Statistics.csv" | tail -n +2 | sort | uniq -c | sort -nr | head -3 | awk '{print strftime("%B,%Y", mktime("1 "$2", 00 00 00")), "with", $1, "channels"
  522  cut -d',' -f21,22 "Global YouTube Statistics.csv" | tail -n +2 | sort | uniq -c | sort -nr | head -3 | awk '{print $2" with "$1" channels"}' | awk 'BEGIN{OFS=","}{print $2, $1}'
  523  cut -d',' -f22,23 "Global YouTube Statistics.csv" | tail -n +2 | sort | uniq -c | awk 'BEGIN {FS=","} {print $2","$1}' | sort -t',' -k1,1 -k2,2nr | awk -F',' '{if (!seen[$1]++) print $1" with "$2" channels"}' | head -3
  524  cat Global\ YouTube\ Statistics.csv.1
  525  cut -d',' -f22,23 "Global YouTube Statistics.csv" | tail -n +2 | sort | uniq -c | awk 'BEGIN {FS=","} {print $2","$1}' | sort -t',' -k1,1 -k2,2nr | awk -F',' '{if (!seen[$1]++) print $1" with "$2" channels"}' | head -3
  526  cut -d ',' -f2,3 dataset.csv | sort | uniq -c | sort -nr | head -n 3
  527  cut -d ',' -f2,3 Global\ YouTube\ Statistics.csv.1 | sort | uniq -c | sort -nr | head -n 3
  528  cut -d',' -f2 dataset.csv | sort | uniq -c | sort -nr | head -n 3
  529  cut -d',' -f2 Global\ YouTube\ Statistics.csv.1 | sort | uniq -c | sort -nr | head -n 3
  530  excel Global\ YouTube\ Statistics.csv.1
  531  cut -d',' -f20,21 "Global YouTube Statistics.csv" | tail -n +2 | sort | uniq -c | sort -nr | head -3 | awk -F',' '{print $2" with "$1" channels"}' | awk 'BEGIN{OFS=","}{print $2, $1}'
  532  cut -d',' -f20,21 "Global YouTube Statistics.csv.1" | tail -n +2 | sort | uniq -c | sort -nr | head -3 | awk -F',' '{print $2" with "$1" channels"}' | awk 'BEGIN{OFS=","}{print $2, $1}'
  533  cut -d',' -f20,21 "Global YouTube Statistics.csv.1" | tail -n +2 | sort | uniq -c | sort -nr | head -3 | awk -F',' '{print $1","$2" with "$1" channels"}' | awk 'BEGIN{OFS=","}{print $2, $1}'
  534  cut -d',' -f20,21 "Global YouTube Statistics.csv.1" | tail -n +2 | sort | uniq -c | sort -nr | head -3 | awk -F',' '{print $2","$1" with "$1" channels"}' | awk 'BEGIN{OFS=","}{print $2, $1}'
  535  cut -d',' -f20,21 "Global YouTube Statistics.csv.1" | tail -n +2 | sort | uniq -c | sort -nr | head -3 | awk -F',' '{print $2","$1" with "$1" channels"}
  536  cut -d',' -f20,21 "Global YouTube Statistics.csv.1" | tail -n +2 | sort | uniq -c | sort -nr | head -3 | awk -F',' '{print $2","$1" with "$1" channels"}'
  537  exit
  538  cut -d',' -f20,21 "Global YouTube Statistics.csv.1" | tail -n +2 | sort | uniq -c | sort -nr | head -3 | awk -F',' '{print $2","$1" with "$1" channels"}
  539  cut -d',' -f20,21 "Global YouTube Statistics.csv.1" | tail -n +2 | sort | uniq -c | sort -nr | head -3 | awk -F',' '{print $2","$1" with "$1" channels"}'
  540  exit
  541  ps -u $USER
  542  script
  543  cut -d',' -f20,21 "Global YouTube Statistics.csv" | tail -n +2 | sort | uniq -c | sort -nr | head -3 | awk -F, '{print $2, $1 " channels"}'
  544  cut -d',' -f20,21 "Global YouTube Statistics.csv" | tail -n +2 | sort | uniq -c | sort -nr | head -3 | awk '{print $2, $3, $1 " channels"}'
  545  cut -d',' -f20,21 "Global YouTube Statistics.csv" | tail -n +2 | sort | uniq -c | sort -nr | head -3 | awk -F ' ' '{print $2 "," $3 " with " $1 " channels"}'
  546  cut -d',' -f20,21 "Global YouTube Statistics.csv" | tail -n +2 | sort | uniq -c | sort -nr | head -3 | awk -F ' ' '{print $3 "," $2 " with " $1 " channels"}'
  547  cut -d',' -f20,21 "Global YouTube Statistics.csv" | tail -n +2 | sort | uniq -c | sort -nr | head -3 | awk -F ',' '{print $2 "," $1 " with " $3 " channels"}'
  548  cut -d',' -f20,21 "Global YouTube Statistics.csv" | tail -n +2 | sort | uniq -c | sort -nr | head -3 | awk -F ',' '{print $2 "," $3 " with " $1 " channels"}'
  549  s
  550  Jul,     13 2014 with  channelscut -d',' -f20,21 "Global YouTube Statistics.csv" | tail -n +2 | sort | uniq -c | sort -nr | head -3 | awk -F ',' '{printf "%-9s, %-6s with %-5d channels\n", $2, $3, $1}'
  551  cut -d',' -f20,21 "Global YouTube Statistics.csv" | tail -n +2 | sort | uniq -c | sort -nr | head -3 | awk -F ',' '{printf "%-9s, %-6s with %-5d channels\n", $2, $3, $1}'
  552  cut -d',' -f20,21 "Global YouTube Statistics.csv" | tail -n +2 | sort | uniq -c | sort -nr | head -3 | awk -F ',' '{printf "%-9s, %-4s, %d\n", $2, $3, $1}'
  553  cat Global\ YouTube\ Statistics.csv.1
  554  cut -d',' -f20,21 "Global YouTube Statistics.csv" | tail -n +2 | sort | uniq -c | sort -nr | head -3 | awk -F ',' '{print $2 " " $3 " with " $1 " channels"}'
  555  cut -d',' -f20,21 "Global YouTube Statistics.csv" | tail -n +2 | sort | uniq -c | sort -nr | head -3 | awk -F ',' '{print $2 " " $3 " with " $3 " channels"}'
  556  cut -d',' -f20,21 "Global YouTube Statistics.csv" | tail -n +2 | sort | uniq -c | sort -nr | head -3 | awk -F ',' '{print $2 "," $1 "with" $3 " channels"}'
  557  cut -d',' -f20,21 "Global YouTube Statistics.csv" | tail -n +2 | sort | uniq -c | sort -nr | head -3 | awk -F ',' '{print $2 "," $1}'
  558  cut -d',' -f20,21 "Global YouTube Statistics.csv" | tail -n +2 | sort | uniq -c | sort -nr | head -3 | awk -F ',' '{print $2$1}'
  559  21 "Global YouTube Statistics.csv" | tail -n +2 | sort | uniq -c | sort -nr | head -3 | awk -F ',' '{print $2 ", " $3 " with " $1 " channels"
  560  exit
  561  logout
  562  sdf[,sdf[p,fsd[p
  563  [zakisp24@sjsu ~]$ 21 "Global YouTube Statistics.csv" | tail -n +2 | sort | uniq -c | sort -nr | head -3 | awk -F ',' '{print $2 ", " $3 " with " $1 " channels"}
  564  awk: cmd. line:8: [zakisp24@sjsu ~]$ 21 "Global YouTube Statistics.csv" | tail -n +2 | sort | uniq -c | sort -nr | head -3 | awk -F , {print
  565  awk: cmd. line:8:                                                         ^ syntax error
  566  awk: cmd. line:8: [zakisp24@sjsu ~]$ 21 "Global YouTube Statistics.csv" | tail -n +2 | sort | uniq -c | sort -nr | head -3 | awk -F , {print
  567  awk: cmd. line:8:                                                                      ^ syntax error
  568  awk: cmd. line:8: [zakisp24@sjsu ~]$ 21 "Global YouTube Statistics.csv" | tail -n +2 | sort | uniq -c | sort -nr | head -3 | awk -F , {print
  569  awk: cmd. line:8:                                                                                       ^ syntax error
  570  awk: cmd. line:8: [zakisp24@sjsu ~]$ 21 "Global YouTube Statistics.csv" | tail -n +2 | sort | uniq -c | sort -nr | head -3 | awk -F , {print
  571  awk: cmd. line:8:                                                                                                  ^ syntax error
  572  awk: cmd. line:8: [zakisp24@sjsu ~]$ 21 "Global YouTube Statistics.csv" | tail -n +2 | sort | uniq -c | sort -nr | head -3 | awk -F , {print
  573  awk: cmd. line:8:                                                                                                            ^ syntax error
  574  awk: cmd. line:8: [zakisp24@sjsu ~]$ 21 "Global YouTube Statistics.csv" | tail -n +2 | sort | uniq -c | sort -nr | head -3 | awk -F , {print
  575  cut -d',' -f20,21 "Global YouTube Statistics.csv" | tail -n +2 | sort | uniq -c | sort -nr | head -3 | awk -F ',' '{print $2 ", " $3 " with " $1 " channels"}'
  576  cat Global\ YouTube\ Statistics.csv
  577  cut -d',' -f20,21 "Global YouTube Statistics.csv" | tail -n +2 | sort | uniq -c | sort -nr | head -3 | awk -F ',' '{print $2 ", " $3 " with " $1 " channels"}'
  578  cut -d',' -f20,21 "Global YouTube Statistics.csv" | tail -n +2 | sort | uniq -c | sort -nr | head -3 | awk '{print $2 ", " $3 " with " $1 " channels"}'
  579  cut -d',' -f20,21 "Global YouTube Statistics.csv" | tail -n +2 | sort | uniq -c | sort -nr | head -3 | awk -F', ' '{print $2 ", " $1 $3 " with " $4 " channels"}'
  580  cut -d',' -f20,21 "Global YouTube Statistics.csv" | tail -n +2 | sort | uniq -c | sort -nr | head -3 | awk '{print $2 ", " $3 " with " $1 " channels"}'
  581  cut -d',' -f20,21 "Global YouTube Statistics.csv" | tail -n +2 | sort | uniq -c | sort -nr | head -3 | awk '{print $3 ", " $2 " with " $1 " channels"}'
  582  cut -d', ' -f20,21 "Global YouTube Statistics.csv" | tail -n +2 | sort | uniq -c | sort -nr | head -3 | awk '{print $3 ", " $2 " with " $1 " channels"}'
  583  cut -d',' -f20,21 "Global YouTube Statistics.csv" | tail -n +2 | sort | uniq -c | sort -nr | head -3 | awk '{print $3 ", " $2 " with " $1 " channels"}'
  584  cut -d',' -f20,21 "Global YouTube Statistics.csv" | tail -n +2 | sort | uniq -c | sort -nr | head -3 | awk '{print substr($3,2) ", " $2 " with " $1 " channels"}'
  585  cut -d',' -f20,21 "Global YouTube Statistics.csv" | tail -n +2 | sort | uniq -c | sort -nr | head -3 | awk '{print $2, $3, "with", $1, "channels"}'
  586  cut -d',' -f20,21 "Global YouTube Statistics.csv" | tail -n +2 | sort | uniq -c | sort -nr | head -3 | awk '{print substr($3,2) ", " $2 " with " $1 " channels"}'
  587  cut -d',' -f20,21 "Global YouTube Statistics.csv" | tail -n +2 | sort | uniq -c | sort -nr | head -3 | awk '{print $2, $3, "with", $1, "channels"}'
  588  cut -d',' -f20,21 "Global YouTube Statistics.csv" | tail -n +2 | sort | uniq -c | sort -nr | head -3 | awk '{print $3, $2, "with", $1, "channels"}'
  589  ps -u $USER
  590  ÂÂvi file.txt
  591  q!
  592  vim
  593  vi
  594  vi 'file.txt'
  595  ps -u $USER
  596  ps -p 1
  597  ps aux
  598  logout
  599  ibmvm
  600  exit
  601  logout
  602  find /etc -type f > one.txt 2> two.txt
  603  cat one.txt 
  604  cat two.txt 
  605  wget https://raw.githubusercontent.com/jyotikahp/DemoRepoForCS131/main/Global%20YouTube%20Statistics.csv
  606  cut -d',' -f20,21 "Global YouTube Statistics.csv" | tail -n +2 | sort | uniq -c | sort -nr | head -3 | awk '{print $3, $2, "with", $1, "channels"}'
  607  ps -u $USER
  608  ps -p 1
  609  ps aux
  610  exit
  611  wget https://raw.githubusercontent.com/jyotikahp/DemoRepoForCS131/main/Global%20YouTube%20Statistics.csv
  612  cut -d',' -f20,21 "Global YouTube Statistics.csv" | tail -n +2 | sort | uniq -c | sort -nr | head -3 | awk '{print $3, $2, "with", $1, "channels"}'
  613  ps -u $USER
  614  vi file.txt
  615  ps -u $USER
  616  ps -p 1
  617  ps aux
  618  history > cmds.log
  619  ls
  620  cat cmds.log
  621  la
  622  ls
  623  rm typescript 
  624  rm Global\ YouTube\ Statistics.csv
  625  cat cmds.log
  626  exit
  627  vi 'file.txt'
  628  cat history
  629  history > cmds
  630  ls
  631  cat cmds
  632  2,23 "Global YouTube Statistics.csv.1" | sort | uniq -c | sort -nr | head -3
  633    536  cut -d',' -f22,23 "Global YouTube Statistics.csv" | sort | uniq -c | sort -nr | head -3 | awk '{print strftime("%B,%Y", mktime("1 "$2", 00 00 00")), "with", $1, "channels"}'
  634    537  cut -d',' -f22,23 "Global YouTube Statistics.csv" | sort | uniq -c | sort -nr | head -3 | awk '{print $2" with "$1" channels"}' | awk 'BEGIN{OFS=","}{print $2, $1}'
  635    538  cut -d',' -f22,3 "Global YouTube Statistics.csv" | sort | uniq -c | sort -nr | head -3 | awk '{print strftime("%B,%Y", mktime("1 "$2", 00 00 00")), "with", $1, "channels"}'
  636    539  cut -d',' -f22,23 "Global YouTube Statistics.csv" | tail -n +2 | sort | uniq -c | sort -nr | head -3 | awk -F',' '{print $2" with "$1" channels"}' | awk 'BEGIN{OFS=","}{print $2, $1}'
  637    540  cut -d',' -f21,22 "Global YouTube Statistics.csv.1" | tail -n +2 | sort | uniq -c | sort -nr | head -3 | awk -F',' '{print $2" with "$1" channels"}' | awk 'BEGIN{OFS=","}{print $2, $1}'
  638    541  cut -d',' -f22,23 "Global YouTube Statistics.csv" | tail -n +2 | sort | uniq -c | sort -nr | head -3 | awk '{print $2" with "$1" channels"}' | awk 'BEGIN{OFS=","}{print $2, $1}'
  639    542  cut -d',' -f22,23 "Global YouTube Statistics.csv" | tail -n +2 | sort | uniq -c | sort -nr | head -3 | awk '{print strftime("%B,%Y", mktime("1 "$2", 00 00 00")), "with", $1, "channels"
  640    543  cut -d',' -f21,22 "Global YouTube Statistics.csv" | tail -n +2 | sort | uniq -c | sort -nr | head -3 | awk '{print $2" with "$1" channels"}' | awk 'BEGIN{OFS=","}{print $2, $1}'
  641    544  cut -d',' -f22,23 "Global YouTube Statistics.csv" | tail -n +2 | sort | uniq -c | awk 'BEGIN {FS=","} {print $2","$1}' | sort -t',' -k1,1 -k2,2nr | awk -F',' '{if (!seen[$1]++) print $1" with "$2" channels"}' | head -3
  642    545  cat Global\ YouTube\ Statistics.csv.1
  643    546  cut -d',' -f22,23 "Global YouTube Statistics.csv" | tail -n +2 | sort | uniq -c | awk 'BEGIN {FS=","} {print $2","$1}' | sort -t',' -k1,1 -k2,2nr | awk -F',' '{if (!seen[$1]++) print $1" with "$2" channels"}' | head -3
  644    547  cut -d ',' -f2,3 dataset.csv | sort | uniq -c | sort -nr | head -n 3
  645    548  cut -d ',' -f2,3 Global\ YouTube\ Statistics.csv.1 | sort | uniq -c | sort -nr | head -n 3
  646    549  cut -d',' -f2 dataset.csv | sort | uniq -c | sort -nr | head -n 3
  647    550  cut -d',' -f2 Global\ YouTube\ Statistics.csv.1 | sort | uniq -c | sort -nr | head -n 3
  648  ls
  649  cat cmds
  650  ls
  651  cd sampleProject/
  652  ls
  653  cd Assignment
  654  cd Assignment2
  655  ls
  656  ls
  657  rm Global\ YouTube\ Statistics.csv
  658  rm Global\ YouTube\ Statistics.csv.1 
  659  ls
  660  script
  661  ls
  662  cd sampleProject/
  663  ls
  664  mkdir Assignment2
  665  ls
  666  cd Assignment2
  667  history > cmds.log
  668  cd ..
  669  cd..
  670  ls
  671  cd ..
  672  ls
  673  mv typescript sampleProject/Assignment2/Assignment2.txt
  674  cd sampleProject/
  675  cd Assignment2
  676  ls
  677  cat Assignment2.txt 
  678  ls
  679  vi Assignment2.txt 
  680  ls
  681  vim cmds.log 
  682  script
  683  git status
  684  git push
  685  git commit -m "Assignment 2"
  686  ls
  687  cd..
  688  cd ..
  689  git commit
  690  git push
  691  git status
  692  git add
  693  git add .
  694  git commit
  695  git push
  696  git status
  697  exit
  698   cut -d ',' -f 8,16 Global\ YouTube\ Statistics.csv | grep -E "United States|United Kingdom|India" | sort -t ',' -k 2 -n -r > ws3.txt
  699  cat ws3.txt 
  700  cut -d ',' -f 5,3 Global\ YouTube\ Statistics.csv | grep -E "Sports|Education|Entertainment" | sort -t ',' -k 2 -n -r >> ws3.txt
  701  cat ws3,txt 
  702  vi ws3.txt 
  703  vi ws.txt
  704  vi w3.txt
  705  vi ws3.txt
  706  rm ws3.txt 
  707  ls
  708  exit
  709  rm ws3.txt
  710  ls
  711  rm ws3,txt 
  712  ls
  713  end
  714  exit
  715  logout
  716  exit
  717  cut -d ',' -f 8,16 Global\ YouTube\ Statistics.csv | grep -E "United States|United Kingdom|India" | sort -t ',' -k 2 -n -r > ws3.txt
  718  cut -d ',' -f 5,3 Global\ YouTube\ Statistics.csv | grep -E "Sports|Education|Entertainment" | sort -t ',' -k 2 -n -r >> ws3.txt
  719  exit
  720  ls
  721  cd
  722  ls
  723  exit
  724  cut -d ',' -f 8,16 Global\ YouTube\ Statistics.csv | grep -E "United States|United Kingdom|India" | sort -t ',' -k 2 -n -r > ws3.txt
  725  cut -d ',' -f 5,3 Global\ YouTube\ Statistics.csv | grep -E "Sports|Education|Entertainment" | sort -t ',' -k 2 -n -r >> ws3.txt
  726  history > sampleProject/Worksheet3/cmds.log 
  727  exit
  728  script ws3.txt
  729  ls 
  730  cd sampleProject/
  731  cd Worksheet3
  732  ls
  733  cat cmds.log
  734  git push
  735  git commit -m "ws3
  736  gdfgkdf[pgd
  737  logout
  738  cmds.log 
  739  fewfoefoewf
  740  exit
  741  las
  742  ls
  743  cd Worksheet3
  744  cd ..
  745  rm typescript 
  746  cd Worksheet3
  747  vi cmds.log
  748  logout
  749  lopgout
  750  logout
  751  exit
  752  ls -la ~ | grep .bash_profile
  753  nano ~/.bash_profile
  754  vi ~/.bash_profile
  755  source ~/.bash_profile
  756  l
  757  w
  758  ls
  759  cd sampleProject
  760  cd Worksheet4
  761  ls
  762  mkdir Subscribers
  763  cd ..
  764  ls
  765  cd ..
  766  cd
  767  ls
  768  cat Global\ YouTube\ Statistics.csv 
  769  awk -F, '$4 == "United States" {print $3}' YouTubers.csv > Subscribers/United_States.txt
  770  awk -F, '$8 == "United States" {print $3}' Global\ YouTube\ Statistics.csv > sampleProject/Worksheet4/Subscribers/United_States.txt
  771  awk -F, '$8 == "India" {print $3}' Global\ YouTube\ Statistics.csv > sampleProject/Worksheet4/Subscribers/India.txt
  772  cd sampleProject/Worksheet4/Subscribers/
  773  ls
  774  cat India.txt
  775  cd ..
  776  ls
  777  cd ..
  778  echo "Mean Subscribers for United States:" > ws4_means.txt
  779  rm ws4_means.txt 
  780  ls
  781  echo "Mean Subscribers for United States:" > sampleProject/Worksheet4/ws4_means.txt
  782  awk '{ total += $1; count++ } END {print total/count }' sampleProject/Worksheet4/Subscribers/United_States.txt >> sampleProject/Worksheet4/ws4_means.txt 
  783  echo "Mean Subscribers for India:" > sampleProject/Worksheet4/ws4_means.txt
  784  awk '{ total += $1; count++ } END {print total/count }' sampleProject/Worksheet4/Subscribers/India.txt >> sampleProject/Worksheet4/ws4_means.txt 
  785  ls
  786  cd sampleProject/Worksheet4/Subscribers/
  787  ls
  788  car ws4_means.txt 
  789  cat ws4_means.txt 
  790  cd United Statesa
  791  ls
  792  cd Subscribers/
  793  ls
  794  cat United_States.txt 
  795  ls
  796  cd 
  797  awk '{ total += $1; count++ } END {print total/count }' sampleProject/Worksheet4/Subscribers/India.txt >> sampleProject/Worksheet4/ws4_means.txt cd ..
  798  cd ..
  799  ls
  800  ls 
  801  cd zakisp24
  802  ls
  803  cd sampleProject
  804  cd Worksheet4
  805  echo "Mean Subscribers for United States:" > ws4_means.txt
  806  cat ws4_means.txt 
  807  awk '{ total += $1; count++ } END {print total/count }' Subscribers/United_States.txt >> ws4_means.txt 
  808  cat ws4_means.txt 
  809  echo "Mean Subscribers for India:" >> ws4_means.txt 
  810  awk '{ total += $1; count++ } END {print total/count }' Subscribers/India.txt >> ws4_means.txt
  811  cat ws4_means.txt 
  812  ls
  813  Task 3:
  814  Create a text file named greetings.txt with the following content:
  815  Hello, John Doe!
  816  Hi, Jane Doe!
  817  Greetings, John Smith!
  818  Hello, Michael Johnson!
  819  Hi, Emily Davis!
  820  Perform the following tasks using sed commands:
  821  Replace all instances of "Hello" with "Hi".
  822  Remove all lines that contain "Doe". 
  823  Append the text "(edited)" to the end of every line.
  824  Change the name "Michael Johnson" to "Mike Johnson" only for lines that start with "Hello,". 
  825  echo -e 'Hello, John Doe!\nHi, Jane Doe!\nGreetings, John Smith!\nHello, Michael Johnson!\nHi, Emily Davis!' > greetings.txt
  826  cat greetings.txt 
  827  sed -i 's/Hello/Hi/g' greetings.txt
  828  sed -i '/Doe/d' greetings.txt
  829  sed -i 's/$/ (edited)/' greetings.txt
  830  sed -i '/^Hi,/! s/Michael Johnson/Mike Johnson/' greetings.txt
  831  cat greetings.txt 
  832  ls
  833  script ws4.txt
  834  ls 
  835  mv ws4.txt sampleProject/Worksheet4
  836  cd sampleProject/Worksheet4
  837  ls
  838  git add
  839  git add .
  840  git status
  841  git commit -m "Worksheet4"
  842  git push
  843  git pull
  844  git push
  845  git status
  846  git add
  847  git add.
  848  exit
  849  wget https://raw.githubusercontent.com/jyotikahp/DemoRepoForCS131/main/last.fake
  850  wget https://raw.githubusercontent.com/jyotikahp/DemoRepoForCS131/main/passwd.fake
  851  last
  852  wc -l last.fake 
  853  grep 'sp24' last.fake > lastsp24.fake
  854  wc -l lastsp24.fake 
  855  grep 'Sun' lastsp24.fake | awk '{print $1}' 
  856  grep 'Sun' lastsp24.fake | awk '{print $1}' | sort | uniq
  857  grep 'Sun' lastsp24.fake | awk '{print $1}' | sort | uniq | awk 'BEGIN {print "The list of people who worked on Sunday are:"} {print} END {print "Kudos to these people for putting in the work"}'
  858  Task 3
  859  ----------------------------------------------------------------------------------------------------------------------------------------------------------------------------------------
  860  Find all the night owls from the lastsp24.fake file.
  861  Use the apporpriate file to find the users who logged in between 11PM - 4 AM ( inclusing 11PM, use >= 11PM and <=4AM)
  862  Again, give a list of distinct users.
  863  Directions: Use awk, sort and uniq!
  864  Give the commands and output for the same.
  865  Your script should output a report like this:
  866  Night Owls List:
  867  Tigresssp24
  868  Posp24
  869  Oogwaysp24
  870  Night Owls are dope. Please ensure you get enough sleep though.
  871  ---------------------------------------------------------------------------------------------------------------------------
  872  awk '$NF ~ /23:|00:|01:|02:|03:|04:/ {print $1}' lastsp24.fake | sort | uniq | awk 'BEGIN {print "Night Owls List:"} {print} END {print "Night Owls are dope. Please ensure you get enough sleep though."}'
  873  awk '$NF ~ /05:|06:|07:|08:|09:/ {print $1}' lastsp24.fake | sort | uniq | awk 'BEGIN {print "Early Birds List:"} {print} END {print "Early Birds are dope. Please ensure you get enough sleep though."}'
  874  awk '$1 ~ /^t/ {print $1}' lastsp24.fake
  875  cat passwd.fake 
  876  awk -F: '$1 ~ /^a/ && $3 % 2 == 0 {print $1}' passwd.fake
  877  sed 's/[a-zA-Z0-9[:space:]]//g' passwd.fake | sort -u
  878  logout
  879  wget https://raw.githubusercontent.com/jyotikahp/DemoRepoForCS131/main/last.fake
  880  wget https://raw.githubusercontent.com/jyotikahp/DemoRepoForCS131/main/passwd.fake
  881  lc -l last.fake 
  882  wc -l last.fake 
  883  grep 'sp24' last.fake > lastsp24.fake
  884  wc -l lastsp24.fake 
  885  grep 'Sun' lastsp24.fake | awk '{print $1}' | sort | uniq | awk 'BEGIN {print "The list of people who worked on Sunday are:"} {print} END {print "Kudos to these people for putting in the work"}'
  886  awk '$NF ~ /23:|00:|01:|02:|03:|04:/ {print $1}' lastsp24.fake | sort | uniq | awk 'BEGIN {print "Night Owls List:"} {print} END {print "Night Owls are dope. Please ensure you get enough sleep though."}'
  887  awk '$NF ~ /05:|06:|07:|08:|09:/ {print $1}' lastsp24.fake | sort | uniq | awk 'BEGIN {print "Early Birds List:"} {print} END {print "Early Birds are dope. Please ensure you get enough sleep though."}'
  888  awk '$1 ~ /^t/ {print $1}' lastsp24.fake
  889  awk -F: '$1 ~ /^a/ && $3 % 2 == 0 {print $1}' passwd.fake
  890  sed 's/[a-zA-Z0-9[:space:]]//g' passwd.fake | sort -u
  891  exit
  892  script Assignment3.txt
  893  cmds.log
  894  history > cmds
  895  ls
  896  cat cmds
  897  exit
  898  exit
  899  exit
  900  wget https://raw.githubusercontent.com/jyotikahp/DemoRepoForCS131/main/last.fake
  901  wget https://raw.githubusercontent.com/jyotikahp/DemoRepoForCS131/main/passwd.fake
  902  wc -l last.fake
  903  grep 'sp24' last.fake > lastsp24.fake
  904  wc -l lastsp24.fake
  905  grep 'Sun' lastsp24.fake | awk '{print $1}' | sort | uniq | awk 'BEGIN {print "The list of people who worked on Sunday are:"} {print} END {print "Kudos to these people for putting in the work"}'
  906  awk '$NF ~ /23:|00:|01:|02:|03:|04:/hisor {print $1}' lastsp24.fake | sort | uniq | awk 'BEGIN {print "Night Owls List:"} {print} END {print "Night Owls are dope. Please ensure you get enough sleep though."}'
  907  awk '$NF ~ /05:|06:|07:|08:|09:/ {print $1}' lastsp24.fake | sort | uniq | awk 'BEGIN {print "Early Birds List:"} {print} END {print "Early Birds are dope. Please ensure you get enough sleep though."}'
  908  awk '$1 ~ /^t/ {print $1}' lastsp24.fake
  909  awk -F: '$1 ~ /^a/ && $3 % 2 == 0 {print $1}' passwd.fake
  910  sed 's/[a-zA-Z0-9[:space:]]//g' passwd.fake | sort -u
  911  history > cmds.log
  912  exit
  913  script Assignment3.txt
  914  ls
  915  cd sampleProject/
  916  ls
  917  mkdir Assignment 3
  918  ls
  919  rm Assignment
  920  rmdir Assignment
  921  rmdir 3
  922  ls
  923  mkdir Assignment3
  924  ls
  925  pwd
  926  ..
  927  cd..
  928  cd ..
  929  ls
  930  cd zakisp24/
  931  ls
  932  mv cmds.log sampleProject/Assignment3
  933  mv Assignment3.txt sampleProject/Assignment3
  934  ls
  935  cd sampleProject/Assignment3
  936  ls
  937  git push
  938  git status
  939  git add
  940  git add .
  941  git push
  942  git commit -m "Assignment3"
  943  git push
  944  git status
  945  git push
  946  git add .
  947  git commit -m 'Assignment3'
  948  git pull
  949  git status
  950  git add
  951  git add .
  952  git commit
  953  git push
  954  git status
  955  exit
  956  ls
  957  cd ..
  958  ls
  959  mkdir "sampleProject/Worksheet5/United States"
  960  mkdir "Worksheet5/United States"
  961  mkdir -p "sampleProject/Worksheet5/United States"
  962  ls
  963  cd sampleProject/
  964  ls
  965  cd ..
  966  ls
  967  nano process_data.sh
  968  cat process_data.sh 
  969  chmod +x process_data.sh 
  970  ./process_data.sh 
  971  ls
  972  nano process_data.sh 
  973  exit
  974  exit
  975  exit
  976  clear
  977  ls
  978  mkdir -p "Worksheet 5/United States"
  979  ls
  980  nano process_data.sh
  981  chmod +x process_data.sh 
  982  ./process_data.sh 
  983  cat
  984  cat process_data.sh 
  985  cat ws5.txt 
  986  exit
  987  exit
  988  mkdir -p "Worksheet 5/United States"
  989  nano process_data.sh
  990  cat process_data.sh 
  991  chmod +x process_data.sh 
  992  ./process_data.sh 
  993  cat ws5.txt 
  994  exit
  995  history > cmds.log 
